2023-02-17 16:51:20,615 DEBUG:Start Teapot
2023-02-17 16:51:30,819 DEBUG:End Teapot
2023-02-17 16:51:30,819 DEBUG:Off Teapot
2023-02-17 16:51:42,814 DEBUG:Start Teapot
2023-02-17 16:51:43,932 DEBUG:End Teapot
2023-02-17 16:51:43,932 DEBUG:Off Teapot
2023-02-17 16:56:52,108 ERROR:Error code  4
2023-02-17 16:57:19,376 ERROR:Error code  4
2023-02-17 16:57:35,555 ERROR:Error code  4
2023-02-17 16:58:01,177 ERROR:Error code  4
2023-02-17 16:58:03,914 ERROR:Error code  4
2023-02-17 16:58:40,536 ERROR:Error code  4
2023-02-17 16:58:46,320 ERROR:Error code  4
2023-02-17 16:59:28,154 ERROR:Error code  0
2023-02-17 17:00:51,460 ERROR:Error code  4
2023-02-17 17:01:34,262 ERROR:Error code  4
2023-02-17 17:02:32,099 DEBUG:Start Teapot
2023-02-17 17:02:42,242 DEBUG:End Teapot
2023-02-17 17:02:42,242 DEBUG:Off Teapot
2023-02-17 17:03:09,460 ERROR:Error code  0
2023-02-17 17:03:36,517 ERROR:Error code  2
2023-02-17 17:04:04,811 ERROR:Error code  4
2023-02-17 17:04:10,689 ERROR:Error code  4
2023-02-17 17:04:18,559 DEBUG:Start Teapot
2023-02-17 17:04:20,736 DEBUG:End Teapot
2023-02-17 17:04:20,736 DEBUG:Off Teapot
2023-02-17 17:05:50,167 DEBUG:Start Teapot
2023-02-17 17:05:58,892 DEBUG:Stop Teapot
